0 info it worked if it ends with ok
1 verbose cli [ '/usr/local/bin/node',
1 verbose cli   '/usr/local/bin/npm',
1 verbose cli   'install',
1 verbose cli   '-g',
1 verbose cli   'serve' ]
2 info using npm@2.15.9
3 info using node@v4.5.0
4 verbose install initial load of /usr/local/lib/package.json
5 verbose readDependencies loading dependencies from /usr/local/lib/package.json
6 silly cache add args [ 'serve', null ]
7 verbose cache add spec serve
8 silly cache add parsed spec Result {
8 silly cache add   raw: 'serve',
8 silly cache add   scope: null,
8 silly cache add   name: 'serve',
8 silly cache add   rawSpec: '',
8 silly cache add   spec: 'latest',
8 silly cache add   type: 'tag' }
9 silly addNamed serve@latest
10 verbose addNamed "latest" is being treated as a dist-tag for serve
11 info addNameTag [ 'serve', 'latest' ]
12 silly mapToRegistry name serve
13 silly mapToRegistry using default registry
14 silly mapToRegistry registry https://registry.npmjs.org/
15 silly mapToRegistry data Result {
15 silly mapToRegistry   raw: 'serve',
15 silly mapToRegistry   scope: null,
15 silly mapToRegistry   name: 'serve',
15 silly mapToRegistry   rawSpec: '',
15 silly mapToRegistry   spec: 'latest',
15 silly mapToRegistry   type: 'tag' }
16 silly mapToRegistry uri https://registry.npmjs.org/serve
17 verbose addNameTag registry:https://registry.npmjs.org/serve not in flight; fetching
18 verbose request uri https://registry.npmjs.org/serve
19 verbose request no auth needed
20 info attempt registry request try #1 at 3:48:29 PM
21 verbose request id 20550ab006c0216c
22 http request GET https://registry.npmjs.org/serve
23 http 200 https://registry.npmjs.org/serve
24 verbose headers { server: 'nginx/1.10.1',
24 verbose headers   'content-type': 'application/json',
24 verbose headers   'last-modified': 'Tue, 21 Feb 2017 17:33:18 GMT',
24 verbose headers   etag: 'W/"58ac79de-10c6b"',
24 verbose headers   'content-encoding': 'gzip',
24 verbose headers   'cache-control': 'max-age=300',
24 verbose headers   'content-length': '8294',
24 verbose headers   'accept-ranges': 'bytes',
24 verbose headers   date: 'Thu, 23 Feb 2017 20:48:30 GMT',
24 verbose headers   via: '1.1 varnish',
24 verbose headers   age: '0',
24 verbose headers   connection: 'keep-alive',
24 verbose headers   'x-served-by': 'cache-mia1324-MIA',
24 verbose headers   'x-cache': 'MISS',
24 verbose headers   'x-cache-hits': '0',
24 verbose headers   'x-timer': 'S1487882910.396108,VS0,VE209',
24 verbose headers   vary: 'Accept-Encoding' }
25 silly get cb [ 200,
25 silly get   { server: 'nginx/1.10.1',
25 silly get     'content-type': 'application/json',
25 silly get     'last-modified': 'Tue, 21 Feb 2017 17:33:18 GMT',
25 silly get     etag: 'W/"58ac79de-10c6b"',
25 silly get     'content-encoding': 'gzip',
25 silly get     'cache-control': 'max-age=300',
25 silly get     'content-length': '8294',
25 silly get     'accept-ranges': 'bytes',
25 silly get     date: 'Thu, 23 Feb 2017 20:48:30 GMT',
25 silly get     via: '1.1 varnish',
25 silly get     age: '0',
25 silly get     connection: 'keep-alive',
25 silly get     'x-served-by': 'cache-mia1324-MIA',
25 silly get     'x-cache': 'MISS',
25 silly get     'x-cache-hits': '0',
25 silly get     'x-timer': 'S1487882910.396108,VS0,VE209',
25 silly get     vary: 'Accept-Encoding' } ]
26 verbose get saving serve to /Users/blur/.npm/registry.npmjs.org/serve/.cache.json
27 verbose correctMkdir /Users/blur/.npm correctMkdir not in flight; initializing
28 silly addNameTag next cb for serve with tag latest
29 silly addNamed serve@3.4.1
30 verbose addNamed "3.4.1" is a plain semver version for serve
31 silly mapToRegistry name serve
32 silly mapToRegistry using default registry
33 silly mapToRegistry registry https://registry.npmjs.org/
34 silly mapToRegistry data Result {
34 silly mapToRegistry   raw: 'serve',
34 silly mapToRegistry   scope: null,
34 silly mapToRegistry   name: 'serve',
34 silly mapToRegistry   rawSpec: '',
34 silly mapToRegistry   spec: 'latest',
34 silly mapToRegistry   type: 'tag' }
35 silly mapToRegistry uri https://registry.npmjs.org/serve
36 verbose addRemoteTarball https://registry.npmjs.org/serve/-/serve-3.4.1.tgz not in flight; adding
37 verbose addRemoteTarball [ 'https://registry.npmjs.org/serve/-/serve-3.4.1.tgz',
37 verbose addRemoteTarball   'fe6eac94ff542897cede01ed01b035f5771d1acd' ]
38 info retry fetch attempt 1 at 3:48:31 PM
39 info attempt registry request try #1 at 3:48:31 PM
40 http fetch GET https://registry.npmjs.org/serve/-/serve-3.4.1.tgz
41 http fetch 200 https://registry.npmjs.org/serve/-/serve-3.4.1.tgz
42 silly fetchAndShaCheck shasum fe6eac94ff542897cede01ed01b035f5771d1acd
43 verbose addTmpTarball /var/folders/q_/5tycw6z54ml44vgn7nff_b140000gn/T/npm-12149-b590df93/registry.npmjs.org/serve/-/serve-3.4.1.tgz not in flight; adding
44 verbose addTmpTarball already have metadata; skipping unpack for serve@3.4.1
45 verbose correctMkdir /Users/blur/.npm correctMkdir not in flight; initializing
46 silly cache afterAdd serve@3.4.1
47 verbose afterAdd /Users/blur/.npm/serve/3.4.1/package/package.json not in flight; writing
48 verbose correctMkdir /Users/blur/.npm correctMkdir not in flight; initializing
49 verbose afterAdd /Users/blur/.npm/serve/3.4.1/package/package.json written
50 silly install resolved [ { name: 'serve',
50 silly install resolved     version: '3.4.1',
50 silly install resolved     description: 'Static file serving and directory listing',
50 silly install resolved     scripts: { precommit: 'npm run test', test: 'xo' },
50 silly install resolved     files: [ 'bin', 'lib', 'assets', 'views' ],
50 silly install resolved     repository: { type: 'git', url: 'git+https://github.com/zeit/serve.git' },
50 silly install resolved     main: './lib/api.js',
50 silly install resolved     bin: { serve: './bin/serve.js' },
50 silly install resolved     engines: { node: '>=6.9.0' },
50 silly install resolved     xo: { esnext: true, space: true, semicolon: false, rules: [Object] },
50 silly install resolved     keywords: [ 'now', 'serve', 'micro', 'http-server' ],
50 silly install resolved     author: { name: 'leo' },
50 silly install resolved     license: 'MIT',
50 silly install resolved     bugs: { url: 'https://github.com/zeit/serve/issues' },
50 silly install resolved     homepage: 'https://github.com/zeit/serve#readme',
50 silly install resolved     devDependencies: { husky: '0.13.1', xo: '0.17.1' },
50 silly install resolved     dependencies:
50 silly install resolved      { args: '2.3.0',
50 silly install resolved        'basic-auth': '1.1.0',
50 silly install resolved        bluebird: '3.4.7',
50 silly install resolved        boxen: '1.0.0',
50 silly install resolved        chalk: '1.1.3',
50 silly install resolved        'copy-paste': '1.3.0',
50 silly install resolved        dargs: '5.1.0',
50 silly install resolved        'detect-port': '1.1.0',
50 silly install resolved        filesize: '3.5.4',
50 silly install resolved        'fs-promise': '2.0.0',
50 silly install resolved        handlebars: '4.0.6',
50 silly install resolved        ip: '1.1.4',
50 silly install resolved        micro: '7.0.6',
50 silly install resolved        'micro-compress': '1.0.0',
50 silly install resolved        'mime-types': '2.1.14',
50 silly install resolved        'node-version': '1.0.0',
50 silly install resolved        'path-type': '2.0.0',
50 silly install resolved        send: '0.14.2',
50 silly install resolved        'update-notifier': '2.1.0' },
50 silly install resolved     gitHead: 'b2d548e1c2864d285c8d386e6c40f91e7ca071c5',
50 silly install resolved     _id: 'serve@3.4.1',
50 silly install resolved     _shasum: 'fe6eac94ff542897cede01ed01b035f5771d1acd',
50 silly install resolved     _from: 'serve@latest',
50 silly install resolved     _npmVersion: '4.1.2',
50 silly install resolved     _nodeVersion: '7.5.0',
50 silly install resolved     _npmUser: { name: 'leo', email: 'leo@zeit.co' },
50 silly install resolved     dist:
50 silly install resolved      { shasum: 'fe6eac94ff542897cede01ed01b035f5771d1acd',
50 silly install resolved        tarball: 'https://registry.npmjs.org/serve/-/serve-3.4.1.tgz' },
50 silly install resolved     maintainers: [ [Object], [Object] ],
50 silly install resolved     _npmOperationalInternal:
50 silly install resolved      { host: 'packages-18-east.internal.npmjs.com',
50 silly install resolved        tmp: 'tmp/serve-3.4.1.tgz_1487698397589_0.23668275400996208' },
50 silly install resolved     directories: {},
50 silly install resolved     _resolved: 'https://registry.npmjs.org/serve/-/serve-3.4.1.tgz' } ]
51 info install serve@3.4.1 into /usr/local/lib
52 info installOne serve@3.4.1
53 verbose installOne of serve to /usr/local/lib not in flight; installing
54 verbose correctMkdir /Users/blur/.npm/_locks correctMkdir not in flight; initializing
55 verbose lock using /Users/blur/.npm/_locks/serve-6627f39219900269.lock for /usr/local/lib/node_modules/serve
56 warn engine serve@3.4.1: wanted: {"node":">=6.9.0"} (current: {"node":"4.5.0","npm":"2.15.9"})
57 silly install write writing serve 3.4.1 to /usr/local/lib/node_modules/serve
58 verbose unbuild lib/node_modules/serve
59 silly gentlyRm /usr/local/lib/node_modules/serve is being purged from base /usr/local
60 verbose gentlyRm don't care about contents; nuking /usr/local/lib/node_modules/serve
61 verbose tar unpack /Users/blur/.npm/serve/3.4.1/package.tgz
62 verbose tar unpacking to /usr/local/lib/node_modules/serve
63 silly gentlyRm /usr/local/lib/node_modules/serve is being purged
64 verbose gentlyRm don't care about contents; nuking /usr/local/lib/node_modules/serve
65 silly gunzTarPerm modes [ '755', '644' ]
66 error tar.unpack untar error /Users/blur/.npm/serve/3.4.1/package.tgz
67 verbose unlock done using /Users/blur/.npm/_locks/serve-6627f39219900269.lock for /usr/local/lib/node_modules/serve
68 verbose fstream_path /usr/local/lib/node_modules/serve
69 verbose fstream_type Directory
70 verbose fstream_class DirWriter
71 verbose stack Error: EACCES: permission denied, mkdir '/usr/local/lib/node_modules/serve'
71 verbose stack     at Error (native)
72 verbose fstream_stack /usr/local/lib/node_modules/npm/node_modules/fstream/lib/dir-writer.js:35:25
72 verbose fstream_stack /usr/local/lib/node_modules/npm/node_modules/mkdirp/index.js:47:53
72 verbose fstream_stack FSReqWrap.oncomplete (fs.js:82:15)
73 verbose cwd /Users/blur/Box Sync/repromed
74 error Darwin 16.4.0
75 error argv "/usr/local/bin/node" "/usr/local/bin/npm" "install" "-g" "serve"
76 error node v4.5.0
77 error npm  v2.15.9
78 error path /usr/local/lib/node_modules/serve
79 error code EACCES
80 error errno -13
81 error syscall mkdir
82 error Error: EACCES: permission denied, mkdir '/usr/local/lib/node_modules/serve'
82 error     at Error (native)
82 error  { [Error: EACCES: permission denied, mkdir '/usr/local/lib/node_modules/serve']
82 error   errno: -13,
82 error   code: 'EACCES',
82 error   syscall: 'mkdir',
82 error   path: '/usr/local/lib/node_modules/serve',
82 error   fstream_type: 'Directory',
82 error   fstream_path: '/usr/local/lib/node_modules/serve',
82 error   fstream_class: 'DirWriter',
82 error   fstream_stack:
82 error    [ '/usr/local/lib/node_modules/npm/node_modules/fstream/lib/dir-writer.js:35:25',
82 error      '/usr/local/lib/node_modules/npm/node_modules/mkdirp/index.js:47:53',
82 error      'FSReqWrap.oncomplete (fs.js:82:15)' ] }
83 error Please try running this command again as root/Administrator.
84 verbose exit [ -13, true ]
85 verbose unbuild lib/node_modules/serve
86 silly gentlyRm /usr/local/lib/node_modules/serve is being purged from base /usr/local
87 verbose gentlyRm don't care about contents; nuking /usr/local/lib/node_modules/serve
